<?xml version="1.0" encoding="UTF-8"?>
<testng-results ignored="0" total="1" passed="1" failed="0" skipped="0">
  <reporter-output>
  </reporter-output>
  <suite started-at="2023-03-02T12:44:31Z" name="Default suite" finished-at="2023-03-02T12:45:04Z" duration-ms="33369">
    <groups>
    </groups>
    <test started-at="2023-03-02T12:44:31Z" name="Default test" finished-at="2023-03-02T12:45:04Z" duration-ms="33369">
      <class name="lokidemo.Amazonlogin">
        <test-method signature="LoginTest()[pri:0, instance:lokidemo.Amazonlogin@41a0aa7d]" started-at="2023-03-02T18:14:31Z" name="LoginTest" finished-at="2023-03-02T18:15:04Z" duration-ms="33338" status="PASS">
          <reporter-output>
          </reporter-output>
        </test-method> <!-- LoginTest -->
      </class> <!-- lokidemo.Amazonlogin -->
    </test> <!-- Default test -->
  </suite> <!-- Default suite -->
</testng-results>
